<?xml version="1.0" encoding="UTF-8"?>
<!-- Generated by org.testng.reporters.JUnitReportReporter -->
<testsuite hostname="LAPTOP-7JLP9E2P" failures="0" tests="1" name="org.ict.testcases.AdminLoginTC" time="9.154" errors="0" timestamp="2024-05-28T20:26:57 IST" skipped="0">
  <testcase classname="org.ict.testcases.AdminLoginTC" name="login" time="9.154"/>
  <system-out/>
</testsuite> <!-- org.ict.testcases.AdminLoginTC -->
